[    0.000000] Linux version 4.15.0-91-generic (buildd@lgw01-amd64-013) (gcc version 7.4.0 (Ubuntu 7.4.0-1ubuntu1~18.04.1)) #92-Ubuntu SMP Fri Feb 28 11:09:48 UTC 2020 (Ubuntu 4.15.0-91.92-generic 4.15.18)
[    0.000000] Command line: BOOT_IMAGE=/boot/vmlinuz-4.15.0-91-generic root=LABEL=cloudimg-rootfs ro console=tty1 console=ttyS0
[    0.000000] KERNEL supported cpus:
[    0.000000]   Intel GenuineIntel
[    0.000000]   AMD AuthenticAMD
[    0.000000]   Centaur CentaurHauls
[    0.000000] x86/fpu: Supporting XSAVE feature 0x001: 'x87 floating point registers'
[    0.000000] x86/fpu: Supporting XSAVE feature 0x002: 'SSE registers'
[    0.000000] x86/fpu: Supporting XSAVE feature 0x004: 'AVX registers'
[    0.000000] x86/fpu: xstate_offset[2]:  576, xstate_sizes[2]:  256
[    0.000000] x86/fpu: Enabled xstate features 0x7, context size is 832 bytes, using 'standard' format.
[    0.000000] e820: BIOS-provided physical RAM map:
[    0.000000] BIOS-e820: [mem 0x0000000000000000-0x000000000009fbff] usable
[    0.000000] BIOS-e820: [mem 0x000000000009fc00-0x000000000009ffff] reserved
[    0.000000] BIOS-e820: [mem 0x00000000000f0000-0x00000000000fffff] reserved
[    0.000000] BIOS-e820: [mem 0x0000000000100000-0x000000007ffeffff] usable
[    0.000000] BIOS-e820: [mem 0x000000007fff0000-0x000000007fffffff] ACPI data
[    0.000000] BIOS-e820: [mem 0x00000000fec00000-0x00000000fec00fff] reserved
[    0.000000] BIOS-e820: [mem 0x00000000fee00000-0x00000000fee00fff] reserved
[    0.000000] BIOS-e820: [mem 0x00000000fffc0000-0x00000000ffffffff] reserved
[    0.000000] NX (Execute Disable) protection: active
[    0.000000] SMBIOS 2.5 present.
[    0.000000] DMI: innotek GmbH VirtualBox/VirtualBox, BIOS VirtualBox 12/01/2006
[    0.000000] Hypervisor detected: KVM
[    0.000000] e820: last_pfn = 0x7fff0 max_arch_pfn = 0x400000000
[    0.000000] MTRR: Disabled
[    0.000000] x86/PAT: MTRRs disabled, skipping PAT initialization too.
[    0.000000] CPU MTRRs all blank - virtualized system.
[    0.000000] x86/PAT: Configuration [0-7]: WB  WT  UC- UC  WB  WT  UC- UC  
[    0.000000] found SMP MP-table at [mem 0x0009fff0-0x0009ffff]
[    0.000000] Scanning 1 areas for low memory corruption
[    0.000000] RAMDISK: [mem 0x35a6b000-0x36d2cfff]
[    0.000000] ACPI: Early table checksum verification disabled
[    0.000000] ACPI: RSDP 0x00000000000E0000 000024 (v02 VBOX  )
[    0.000000] ACPI: XSDT 0x000000007FFF0030 00003C (v01 VBOX   VBOXXSDT 00000001 ASL  00000061)
[    0.000000] ACPI: FACP 0x000000007FFF00F0 0000F4 (v04 VBOX   VBOXFACP 00000001 ASL  00000061)
[    0.000000] ACPI: DSDT 0x000000007FFF0470 0022EA (v02 VBOX   VBOXBIOS 00000002 INTL 20100528)
[    0.000000] ACPI: FACS 0x000000007FFF0200 000040
[    0.000000] ACPI: FACS 0x000000007FFF0200 000040
[    0.000000] ACPI: APIC 0x000000007FFF0240 00005C (v02 VBOX   VBOXAPIC 00000001 ASL  00000061)
[    0.000000] ACPI: SSDT 0x000000007FFF02A0 0001CC (v01 VBOX   VBOXCPUT 00000002 INTL 20100528)
[    0.000000] No NUMA configuration found
[    0.000000] Faking a node at [mem 0x0000000000000000-0x000000007ffeffff]
[    0.000000] NODE_DATA(0) allocated [mem 0x7ffc5000-0x7ffeffff]
[    0.000000] kvm-clock: cpu 0, msr 0:7ff44001, primary cpu clock
[    0.000000] kvm-clock: Using msrs 4b564d01 and 4b564d00
[    0.000000] kvm-clock: using sched offset of 3721162747 cycles
[    0.000000] clocksource: kvm-clock: mask: 0xffffffffffffffff max_cycles: 0x1cd42e4dffb, max_idle_ns: 881590591483 ns
[    0.000000] Zone ranges:
[    0.000000]   DMA      [mem 0x0000000000001000-0x0000000000ffffff]
[    0.000000]   DMA32    [mem 0x0000000001000000-0x000000007ffeffff]
[    0.000000]   Normal   empty
[    0.000000]   Device   empty
[    0.000000] Movable zone start for each node
[    0.000000] Early memory node ranges
[    0.000000]   node   0: [mem 0x0000000000001000-0x000000000009efff]
[    0.000000]   node   0: [mem 0x0000000000100000-0x000000007ffeffff]
[    0.000000] Reserved but unavailable: 98 pages
[    0.000000] Initmem setup node 0 [mem 0x0000000000001000-0x000000007ffeffff]
[    0.000000] ACPI: PM-Timer IO Port: 0x4008
[    0.000000] IOAPIC[0]: apic_id 2, version 32, address 0xfec00000, GSI 0-23
[    0.000000] ACPI: INT_SRC_OVR (bus 0 bus_irq 0 global_irq 2 dfl dfl)
[    0.000000] ACPI: INT_SRC_OVR (bus 0 bus_irq 9 global_irq 9 low level)
[    0.000000] Using ACPI (MADT) for SMP configuration information
[    0.000000] smpboot: Allowing 2 CPUs, 0 hotplug CPUs
[    0.000000] PM: Registered nosave memory: [mem 0x00000000-0x00000fff]
[    0.000000] PM: Registered nosave memory: [mem 0x0009f000-0x0009ffff]
[    0.000000] PM: Registered nosave memory: [mem 0x000a0000-0x000effff]
[    0.000000] PM: Registered nosave memory: [mem 0x000f0000-0x000fffff]
[    0.000000] e820: [mem 0x80000000-0xfebfffff] available for PCI devices
[    0.000000] Booting paravirtualized kernel on KVM
[    0.000000] clocksource: refined-jiffies: mask: 0xffffffff max_cycles: 0xffffffff, max_idle_ns: 7645519600211568 ns
[    0.000000] random: get_random_bytes called from start_kernel+0x99/0x4fd with crng_init=0
[    0.000000] setup_percpu: NR_CPUS:8192 nr_cpumask_bits:2 nr_cpu_ids:2 nr_node_ids:1
[    0.000000] percpu: Embedded 45 pages/cpu s147456 r8192 d28672 u1048576
[    0.000000] PV qspinlock hash table entries: 256 (order: 0, 4096 bytes)
[    0.000000] Built 1 zonelists, mobility grouping on.  Total pages: 515961
[    0.000000] Policy zone: DMA32
[    0.000000] Kernel command line: BOOT_IMAGE=/boot/vmlinuz-4.15.0-91-generic root=LABEL=cloudimg-rootfs ro console=tty1 console=ttyS0
[    0.000000] Memory: 2015252K/2096696K available (12300K kernel code, 2481K rwdata, 4264K rodata, 2432K init, 2712K bss, 81444K reserved, 0K cma-reserved)
[    0.000000] SLUB: HWalign=64, Order=0-3, MinObjects=0, CPUs=2, Nodes=1
[    0.000000] Kernel/User page tables isolation: enabled
[    0.000000] ftrace: allocating 39347 entries in 154 pages
[    0.004000] Hierarchical RCU implementation.
[    0.004000] 	RCU restricting CPUs from NR_CPUS=8192 to nr_cpu_ids=2.
[    0.004000] 	Tasks RCU enabled.
[    0.004000] RCU: Adjusting geometry for rcu_fanout_leaf=16, nr_cpu_ids=2
[    0.004000] NR_IRQS: 524544, nr_irqs: 440, preallocated irqs: 16
[    0.004000] Console: colour VGA+ 80x25
[    0.004000] console [tty1] enabled
[    0.004000] console [ttyS0] enabled
[    0.004000] ACPI: Core revision 20170831
[    0.004000] ACPI: 2 ACPI AML tables successfully acquired and loaded
[    0.004000] APIC: Switch to symmetric I/O mode setup
[    0.004000] x2apic enabled
[    0.004000] Switched APIC routing to physical x2apic.
[    0.004000] ..TIMER: vector=0x30 apic1=0 pin1=2 apic2=-1 pin2=-1
[    0.004003] tsc: Detected 2399.998 MHz processor
[    0.004764] Calibrating delay loop (skipped) preset value.. 4799.99 BogoMIPS (lpj=9599992)
[    0.005344] pid_max: default: 32768 minimum: 301
[    0.006130] Security Framework initialized
[    0.008002] Yama: becoming mindful.
[    0.008607] AppArmor: AppArmor initialized
[    0.011608] Dentry cache hash table entries: 262144 (order: 9, 2097152 bytes)
[    0.013594] Inode-cache hash table entries: 131072 (order: 8, 1048576 bytes)
[    0.016019] Mount-cache hash table entries: 4096 (order: 3, 32768 bytes)
[    0.017102] Mountpoint-cache hash table entries: 4096 (order: 3, 32768 bytes)
[    0.018449] Last level iTLB entries: 4KB 64, 2MB 8, 4MB 8
[    0.020002] Last level dTLB entries: 4KB 64, 2MB 0, 4MB 0, 1GB 4
[    0.020959] Spectre V1 : Mitigation: usercopy/swapgs barriers and __user pointer sanitization
[    0.022872] Spectre V2 : Mitigation: Full generic retpoline
[    0.024002] Spectre V2 : Spectre v2 / SpectreRSB mitigation: Filling RSB on context switch
[    0.025433] Speculative Store Bypass: Vulnerable
[    0.026250] MDS: Mitigation: Clear CPU buffers
[    0.027321] Freeing SMP alternatives memory: 36K
[    0.137840] smpboot: CPU0: Intel(R) Core(TM) i5-8279U CPU @ 2.40GHz (family: 0x6, model: 0x8e, stepping: 0xa)
[    0.140000] Performance Events: unsupported p6 CPU model 142 no PMU driver, software events only.
[    0.140034] Hierarchical SRCU implementation.
[    0.141252] NMI watchdog: Perf event create on CPU 0 failed with -2
[    0.142233] NMI watchdog: Perf NMI watchdog permanently disabled
[    0.143202] smp: Bringing up secondary CPUs ...
[    0.144081] x86: Booting SMP configuration:
[    0.144762] .... node  #0, CPUs:      #1
[    0.004000] kvm-clock: cpu 1, msr 0:7ff44041, secondary cpu clock
[    0.148033] smp: Brought up 1 node, 2 CPUs
[    0.148743] smpboot: Max logical packages: 1
[    0.149504] smpboot: Total of 2 processors activated (9599.99 BogoMIPS)
[    0.152044] devtmpfs: initialized
[    0.152616] x86/mm: Memory block size: 128MB
[    0.153506] evm: security.selinux
[    0.154318] evm: security.SMACK64
[    0.154899] evm: security.SMACK64EXEC
[    0.155621] evm: security.SMACK64TRANSMUTE
[    0.156004] evm: security.SMACK64MMAP
[    0.156616] evm: security.apparmor
[    0.157229] evm: security.ima
[    0.157784] evm: security.capability
[    0.158431] clocksource: jiffies: mask: 0xffffffff max_cycles: 0xffffffff, max_idle_ns: 7645041785100000 ns
[    0.160048] futex hash table entries: 512 (order: 3, 32768 bytes)
[    0.161448] pinctrl core: initialized pinctrl subsystem
[    0.164125] RTC time: 15:09:57, date: 09/16/20
[    0.165248] NET: Registered protocol family 16
[    0.166056] audit: initializing netlink subsys (disabled)
[    0.168036] audit: type=2000 audit(1600269001.974:1): state=initialized audit_enabled=0 res=1
[    0.168107] cpuidle: using governor ladder
[    0.168782] cpuidle: using governor menu
[    0.169472] ACPI: bus type PCI registered
[    0.172005] acpiphp: ACPI Hot Plug PCI Controller Driver version: 0.5
[    0.173166] PCI: Using configuration type 1 for base access
[    0.176051] HugeTLB registered 2.00 MiB page size, pre-allocated 0 pages
[    0.180078] ACPI: Added _OSI(Module Device)
[    0.181488] ACPI: Added _OSI(Processor Device)
[    0.182324] ACPI: Added _OSI(3.0 _SCP Extensions)
[    0.184010] ACPI: Added _OSI(Processor Aggregator Device)
[    0.184894] ACPI: Added _OSI(Linux-Dell-Video)
[    0.186091] ACPI: Added _OSI(Linux-Lenovo-NV-HDMI-Audio)
[    0.187076] ACPI: Added _OSI(Linux-HPI-Hybrid-Graphics)
[    0.188338] ACPI: Executed 1 blocks of module-level executable AML code
[    0.192229] ACPI: Interpreter enabled
[    0.193372] ACPI: (supports S0 S5)
[    0.194025] ACPI: Using IOAPIC for interrupt routing
[    0.195002] PCI: Using host bridge windows from ACPI; if necessary, use "pci=nocrs" and report a bug
[    0.196180] ACPI: Enabled 2 GPEs in block 00 to 07
[    0.204908] ACPI: PCI Root Bridge [PCI0] (domain 0000 [bus 00-ff])
[    0.206293] acpi PNP0A03:00: _OSC: OS supports [ASPM ClockPM Segments MSI]
[    0.208000] acpi PNP0A03:00: _OSC: not requesting OS control; OS requires [ExtendedConfig ASPM ClockPM MSI]
[    0.208018] acpi PNP0A03:00: fail to add MMCONFIG information, can't access extended PCI configuration space under this bridge.
[    0.212378] PCI host bridge to bus 0000:00
[    0.213124] pci_bus 0000:00: root bus resource [io  0x0000-0x0cf7 window]
[    0.214342] pci_bus 0000:00: root bus resource [io  0x0d00-0xffff window]
[    0.215439] pci_bus 0000:00: root bus resource [mem 0x000a0000-0x000bffff window]
[    0.216004] pci_bus 0000:00: root bus resource [mem 0x80000000-0xfdffffff window]
[    0.217279] pci_bus 0000:00: root bus resource [bus 00-ff]
[    0.221057] pci 0000:00:01.1: legacy IDE quirk: reg 0x10: [io  0x01f0-0x01f7]
[    0.222223] pci 0000:00:01.1: legacy IDE quirk: reg 0x14: [io  0x03f6]
[    0.223255] pci 0000:00:01.1: legacy IDE quirk: reg 0x18: [io  0x0170-0x0177]
[    0.224002] pci 0000:00:01.1: legacy IDE quirk: reg 0x1c: [io  0x0376]
[    0.242026] pci 0000:00:07.0: quirk: [io  0x4000-0x403f] claimed by PIIX4 ACPI
[    0.243883] pci 0000:00:07.0: quirk: [io  0x4100-0x410f] claimed by PIIX4 SMB
[    0.256812] ACPI: PCI Interrupt Link [LNKA] (IRQs 5 9 10 *11)
[    0.258727] ACPI: PCI Interrupt Link [LNKB] (IRQs 5 9 *10 11)
[    0.260175] ACPI: PCI Interrupt Link [LNKC] (IRQs 5 *9 10 11)
[    0.261455] ACPI: PCI Interrupt Link [LNKD] (IRQs 5 9 10 *11)
[    0.262991] SCSI subsystem initialized
[    0.264035] pci 0000:00:02.0: vgaarb: setting as boot VGA device
[    0.265302] pci 0000:00:02.0: vgaarb: VGA device added: decodes=io+mem,owns=io+mem,locks=none
[    0.266720] pci 0000:00:02.0: vgaarb: bridge control possible
[    0.267642] vgaarb: loaded
[    0.268000] ACPI: bus type USB registered
[    0.268016] usbcore: registered new interface driver usbfs
[    0.268910] usbcore: registered new interface driver hub
[    0.269785] usbcore: registered new device driver usb
[    0.272023] EDAC MC: Ver: 3.0.0
[    0.272813] PCI: Using ACPI for IRQ routing
[    0.273024] NetLabel: Initializing
[    0.273609] NetLabel:  domain hash size = 128
[    0.274327] NetLabel:  protocols = UNLABELED CIPSOv4 CALIPSO
[    0.276015] NetLabel:  unlabeled traffic allowed by default
[    0.276951] clocksource: Switched to clocksource kvm-clock
[    0.289473] VFS: Disk quotas dquot_6.6.0
[    0.290733] VFS: Dquot-cache hash table entries: 512 (order 0, 4096 bytes)
[    0.291961] AppArmor: AppArmor Filesystem Enabled
[    0.292910] pnp: PnP ACPI init
[    0.294986] pnp: PnP ACPI: found 3 devices
[    0.303726] clocksource: acpi_pm: mask: 0xffffff max_cycles: 0xffffff, max_idle_ns: 2085701024 ns
[    0.305483] NET: Registered protocol family 2
[    0.306386] TCP established hash table entries: 16384 (order: 5, 131072 bytes)
[    0.307870] TCP bind hash table entries: 16384 (order: 6, 262144 bytes)
[    0.309359] TCP: Hash tables configured (established 16384 bind 16384)
[    0.312290] UDP hash table entries: 1024 (order: 3, 32768 bytes)
[    0.313332] UDP-Lite hash table entries: 1024 (order: 3, 32768 bytes)
[    0.314435] NET: Registered protocol family 1
[    0.315176] pci 0000:00:00.0: Limiting direct PCI/PCI transfers
[    0.316182] pci 0000:00:01.0: Activating ISA DMA hang workarounds
[    0.317416] pci 0000:00:02.0: Video device with shadowed ROM at [mem 0x000c0000-0x000dffff]
[    0.319205] Unpacking initramfs...
[    0.610223] Freeing initrd memory: 19208K
[    0.611434] clocksource: tsc: mask: 0xffffffffffffffff max_cycles: 0x229835b7123, max_idle_ns: 440795242976 ns
[    0.613926] platform rtc_cmos: registered platform RTC device (no PNP device found)
[    0.615485] Scanning for low memory corruption every 60 seconds
[    0.617125] Initialise system trusted keyrings
[    0.617856] Key type blacklist registered
[    0.618785] workingset: timestamp_bits=36 max_order=19 bucket_order=0
[    0.620606] zbud: loaded
[    0.621500] squashfs: version 4.0 (2009/01/31) Phillip Lougher
[    0.622589] fuse init (API version 7.26)
[    0.625882] Key type asymmetric registered
[    0.626577] Asymmetric key parser 'x509' registered
[    0.627603] Block layer SCSI generic (bsg) driver version 0.4 loaded (major 246)
[    0.628915] io scheduler noop registered
[    0.629585] io scheduler deadline registered
[    0.630322] io scheduler cfq registered (default)
[    0.631497] ACPI: AC Adapter [AC] (on-line)
[    0.632267] input: Power Button as /devices/LNXSYSTM:00/LNXPWRBN:00/input/input0
[    0.633532] ACPI: Power Button [PWRF]
[    0.634243] input: Sleep Button as /devices/LNXSYSTM:00/LNXSLPBN:00/input/input1
[    0.635473] ACPI: Sleep Button [SLPF]
[    0.637210] ACPI: Battery Slot [BAT0] (battery present)
[    0.638194] Serial: 8250/16550 driver, 32 ports, IRQ sharing enabled
[    0.660830] 00:02: ttyS0 at I/O 0x3f8 (irq = 4, base_baud = 115200) is a 16550A
[    0.665598] Linux agpgart interface v0.103
[    0.669288] loop: module loaded
[    0.670446] scsi host0: ata_piix
[    0.671086] scsi host1: ata_piix
[    0.672290] ata1: PATA max UDMA/33 cmd 0x1f0 ctl 0x3f6 bmdma 0xd000 irq 14
[    0.673351] ata2: PATA max UDMA/33 cmd 0x170 ctl 0x376 bmdma 0xd008 irq 15
[    0.674594] libphy: Fixed MDIO Bus: probed
[    0.675533] tun: Universal TUN/TAP device driver, 1.6
[    0.676450] PPP generic driver version 2.4.2
[    0.677239] ehci_hcd: USB 2.0 'Enhanced' Host Controller (EHCI) Driver
[    0.678352] ehci-pci: EHCI PCI platform driver
[    0.679192] ehci-platform: EHCI generic platform driver
[    0.680550] ohci_hcd: USB 1.1 'Open' Host Controller (OHCI) Driver
[    0.681540] ohci-pci: OHCI PCI platform driver
[    0.682285] ohci-platform: OHCI generic platform driver
[    0.683138] uhci_hcd: USB Universal Host Controller Interface driver
[    0.684191] i8042: PNP: PS/2 Controller [PNP0303:PS2K,PNP0f03:PS2M] at 0x60,0x64 irq 1,12
[    0.685955] serio: i8042 KBD port at 0x60,0x64 irq 1
[    0.686792] serio: i8042 AUX port at 0x60,0x64 irq 12
[    0.687827] mousedev: PS/2 mouse device common for all mice
[    0.689408] input: AT Translated Set 2 keyboard as /devices/platform/i8042/serio0/input/input2
[    0.691003] rtc_cmos rtc_cmos: rtc core: registered rtc_cmos as rtc0
[    0.692362] rtc_cmos rtc_cmos: alarms up to one day, 114 bytes nvram
[    0.693595] i2c /dev entries driver
[    0.694252] device-mapper: uevent: version 1.0.3
[    0.695090] device-mapper: ioctl: 4.37.0-ioctl (2017-09-20) initialised: dm-devel@redhat.com
[    0.696544] ledtrig-cpu: registered to indicate activity on CPUs
[    0.697846] NET: Registered protocol family 10
[    0.701915] Segment Routing with IPv6
[    0.702557] NET: Registered protocol family 17
[    0.703384] Key type dns_resolver registered
[    0.704384] mce: Using 0 MCE banks
[    0.704967] RAS: Correctable Errors collector initialized.
[    0.706269] sched_clock: Marking stable (704349394, 0)->(878894517, -174545123)
[    0.707798] registered taskstats version 1
[    0.708773] Loading compiled-in X.509 certificates
[    0.711500] Loaded X.509 cert 'Build time autogenerated kernel key: d019e8c5f4cbc828f6af43369f65a014a3a68371'
[    0.713466] zswap: loaded using pool lzo/zbud
[    0.716864] Key type big_key registered
[    0.717544] Key type trusted registered
[    0.719527] Key type encrypted registered
[    0.720243] AppArmor: AppArmor sha1 policy hashing enabled
[    0.721141] ima: No TPM chip found, activating TPM-bypass! (rc=-19)
[    0.722146] ima: Allocated hash algorithm: sha1
[    0.722913] evm: HMAC attrs: 0x1
[    0.723747]   Magic number: 4:428:184
[    0.724467] rtc_cmos rtc_cmos: setting system clock to 2020-09-16 15:09:57 UTC (1600268997)
[    0.725898] BIOS EDD facility v0.16 2004-Jun-25, 0 devices found
[    0.726873] EDD information not available.
[    0.840086] Freeing unused kernel image memory: 2432K
[    0.848427] Write protecting the kernel read-only data: 20480k
[    0.851538] Freeing unused kernel image memory: 2008K
[    0.853459] Freeing unused kernel image memory: 1880K
[    0.860533] x86/mm: Checked W+X mappings: passed, no W+X pages found.
[    0.861988] x86/mm: Checking user space page tables
[    0.867993] x86/mm: Checked W+X mappings: passed, no W+X pages found.
Loading, please wait...
starting version 237
[    0.928153] Fusion MPT base driver 3.04.20
[    0.929111] Copyright (c) 1999-2008 LSI Corporation
[    0.934003] e1000: Intel(R) PRO/1000 Network Driver - version 7.3.21-k8-NAPI
[    0.935515] e1000: Copyright (c) 1999-2006 Intel Corporation.
[    0.938497] Fusion MPT SPI Host driver 3.04.20
[    0.941422] mptbase: ioc0: Initiating bringup
[    0.956939] AVX2 version of gcm_enc/dec engaged.
[    0.958605] AES CTR mode by8 optimization enabled
[    1.091925] ioc0: LSI53C1030 A0: Capabilities={Initiator}
[    1.166585] input: ImExPS/2 Generic Explorer Mouse as /devices/platform/i8042/serio1/input/input4
[    1.653475] scsi host2: ioc0: LSI53C1030 A0, FwRev=00000000h, Ports=1, MaxQ=256, IRQ=20
[    1.893730] scsi 2:0:0:0: Direct-Access     VBOX     HARDDISK         1.0  PQ: 0 ANSI: 5
[    2.099858] scsi target2:0:0: Beginning Domain Validation
[    2.144720] scsi target2:0:0: Domain Validation skipping write tests
[    2.146158] scsi target2:0:0: Ending Domain Validation
[    2.147280] scsi target2:0:0: asynchronous
[    2.148739] scsi 2:0:1:0: Direct-Access     VBOX     HARDDISK         1.0  PQ: 0 ANSI: 5
[    2.412696] scsi target2:0:1: Beginning Domain Validation
[    2.415463] random: fast init done
[    2.416352] scsi target2:0:1: Domain Validation skipping write tests
[    2.417420] scsi target2:0:1: Ending Domain Validation
[    2.418443] scsi target2:0:1: asynchronous
[    2.423688] random: systemd-udevd: uninitialized urandom read (16 bytes read)
[    2.423733] sd 2:0:0:0: Attached scsi generic sg0 type 0
[    2.424919] random: systemd-udevd: uninitialized urandom read (16 bytes read)
[    2.425924] sd 2:0:1:0: Attached scsi generic sg1 type 0
[    2.427043] random: systemd-udevd: uninitialized urandom read (16 bytes read)
[    2.430039] sd 2:0:0:0: [sda] 20971520 512-byte logical blocks: (10.7 GB/10.0 GiB)
[    2.431852] sd 2:0:1:0: [sdb] 20480 512-byte logical blocks: (10.5 MB/10.0 MiB)
[    2.433169] sd 2:0:0:0: [sda] Write Protect is off
[    2.434240] sd 2:0:1:0: [sdb] Write Protect is off
[    2.435463] sd 2:0:0:0: [sda] Incomplete mode parameter data
[    2.437166] sd 2:0:0:0: [sda] Assuming drive cache: write through
[    2.439097] sd 2:0:1:0: [sdb] Incomplete mode parameter data
[    2.440381] sd 2:0:1:0: [sdb] Assuming drive cache: write through
[    2.445552]  sda: sda1
[    2.447539] sd 2:0:0:0: [sda] Attached SCSI disk
[    2.448459] sd 2:0:1:0: [sdb] Attached SCSI disk
[    2.450828] e1000 0000:00:03.0 eth0: (PCI:33MHz:32-bit) 02:39:67:45:9c:e6
[    2.451942] e1000 0000:00:03.0 eth0: Intel(R) PRO/1000 Network Connection
[    3.125708] e1000 0000:00:08.0 eth1: (PCI:33MHz:32-bit) 08:00:27:4b:7f:20
[    3.127482] e1000 0000:00:08.0 eth1: Intel(R) PRO/1000 Network Connection
[    3.129675] e1000 0000:00:03.0 enp0s3: renamed from eth0
[    3.148928] e1000 0000:00:08.0 enp0s8: renamed from eth1
Begin: Loading essential drivers ... [    4.528126] raid6: sse2x1   gen() 12534 MB/s
[    4.576071] raid6: sse2x1   xor()  9156 MB/s
[    4.626730] raid6: sse2x2   gen() 16224 MB/s
[    4.672380] raid6: sse2x2   xor() 10086 MB/s
[    4.720089] raid6: sse2x4   gen() 17104 MB/s
[    4.768329] raid6: sse2x4   xor() 11360 MB/s
[    4.817036] raid6: avx2x1   gen() 25645 MB/s
[    4.864049] raid6: avx2x1   xor() 16709 MB/s
[    4.912299] raid6: avx2x2   gen() 27439 MB/s
[    4.960096] raid6: avx2x2   xor() 18044 MB/s
[    5.008333] raid6: avx2x4   gen() 34595 MB/s
[    5.056192] raid6: avx2x4   xor() 21210 MB/s
[    5.057104] raid6: using algorithm avx2x4 gen() 34595 MB/s
[    5.057959] raid6: .... xor() 21210 MB/s, rmw enabled
[    5.059485] raid6: using avx2x2 recovery algorithm
[    5.061944] xor: automatically using best checksumming function   avx       
[    5.064430] async_tx: api initialized (async)
done.
Begin: Running /scripts/init-premount ... done.
Begin: Mounting root file system ... Begin: Running /scripts/local-top ... done.
Begin: Running /scripts/local-premount ... [    5.102441] Btrfs loaded, crc32c=crc32c-intel
Scanning for Btrfs filesystems
done.
Warning: fsck not present, so skipping root file system
[    5.123577] EXT4-fs (sda1): INFO: recovery required on readonly filesystem
[    5.124752] EXT4-fs (sda1): write access will be enabled during recovery
[    5.221682] EXT4-fs (sda1): orphan cleanup on readonly fs
[    5.225748] EXT4-fs (sda1): 16 orphan inodes deleted
[    5.226589] EXT4-fs (sda1): recovery complete
[    5.234988] EXT4-fs (sda1): mounted filesystem with ordered data mode. Opts: (null)
done.
Begin: Running /scripts/local-bottom ... done.
Begin: Running /scripts/init-bottom ... done.
[    5.394019] ip_tables: (C) 2000-2006 Netfilter Core Team
[    5.402743] systemd[1]: systemd 237 running in system mode. (+PAM +AUDIT +SELINUX +IMA +APPARMOR +SMACK +SYSVINIT +UTMP +LIBCRYPTSETUP +GCRYPT +GNUTLS +ACL +XZ +LZ4 +SECCOMP +BLKID +ELFUTILS +KMOD -IDN2 +IDN -PCRE2 default-hierarchy=hybrid)
[    5.406177] systemd[1]: Detected virtualization oracle.
[    5.407039] systemd[1]: Detected architecture x86-64.

Welcome to [1mUbuntu 18.04.4 LTS[0m!

[    5.413171] systemd[1]: Set hostname to <consul>.
[    5.609524] systemd[1]: Configuration file /lib/systemd/system/filebeat.service is marked executable. Please remove executable permission bits. Proceeding anyway.
[    5.642374] systemd[1]: Created slice User and Session Slice.
[[0;32m  OK  [0m] Created slice User and Session Slice.
[    5.644144] systemd[1]: Started Forward Password Requests to Wall Directory Watch.
[[0;32m  OK  [0m] Started Forward Password Requests to Wall Directory Watch.
[    5.646784] systemd[1]: Created slice System Slice.
[[0;32m  OK  [0m] Created slice System Slice.
[    5.648475] systemd[1]: Created slice system-serial\x2dgetty.slice.
[[0;32m  OK  [0m] Created slice system-serial\x2dgetty.slice.
[    5.650368] systemd[1]: Listening on udev Control Socket.
[[0;32m  OK  [0m] Listening on udev Control Socket.
[[0;32m  OK  [0m] Reached target Slices.
[[0;32m  OK  [0m] Listening on Network Service Netlink Socket.
[[0;32m  OK  [0m] Listening on /dev/initctl Compatibility Named Pipe.
[[0;32m  OK  [0m] Listening on udev Kernel Socket.
[[0;32m  OK  [0m] Listening on Syslog Socket.
[[0;32m  OK  [0m] Listening on Journal Audit Socket.
[[0;32m  OK  [0m] Reached target Swap.
[[0;32m  OK  [0m] Reached target User and Group Name Lookups.
[[0;32m  OK  [0m] Listening on Journal Socket (/dev/log).
[[0;32m  OK  [0m] Listening on Journal Socket.
         Starting Set the console keyboard layout...
         Starting Journal Service...
         Mounting POSIX Message Queue File System...
         Starting Load Kernel Modules...
         Starting Create list of required st…ce nodes for the current kernel...
[[0;32m  OK  [0m] Listening on Device-mapper event daemon FIFOs.
         Starting Remount Root and Kernel File Systems...
         Starting Uncomplicated firewall...
[[0;32m  OK  [0m] Started ntp-systemd-netif.path.
[[0;32m  OK  [0m] Set up automount Arbitrary Executab…rmats File System Automount Point.
[    5.719932] EXT4-fs (sda1): re-mounted. Opts: (null)
         Starting Run consul leave at instance shutdown...
         Starting udev Coldplug all Devices...
[[0;32m  OK  [0m] Reached target System Time Synchronized.
[[0;32m  OK  [0m] Listening on LVM2 poll daemon socket.
         Mounting Kernel Debug File System...
[[0;32m  OK  [0m] Listening on LVM2 metadata daemon socket.
         Starting Monitoring of LVM2 mirrors…ng dmeventd or progress polling...
[    5.736747] Loading iSCSI transport class v2.0-870.
[    5.744301] iscsi: registered transport (tcp)
         Mounting Huge Pages File System...
[[0;32m  OK  [0m] Started Journal Service.
[[0;32m  OK  [0m] Mounted POSIX Message Queue File System.
[[0;32m  OK  [0m] Started Create list of required sta…vice nodes for the current kernel.
[[0;32m  OK  [0m] Started Remount Root and Kernel File Systems.
[[0;32m  OK  [0m] Started Uncomplicated firewall.
[[0;32m  OK  [0m] Mounted Kernel Debug File System.
[[0;32m  OK  [0m] Mounted Huge Pages File System.
[    5.794860] iscsi: registered transport (iser)
         Starting Load/Save Random Seed...
         Starting Create Static Device Nodes in /dev...
         Starting Flush Journal to Persistent Storage...
[[0;32m  OK  [0m] Started Set the console keyboard layout.
[[0;32m  OK  [0m] Started Load Kernel Modules.
[[0;32m  OK  [0m] Started Run consul leave at instance shutdown.
[[0;32m  OK  [0m] Started udev Coldplug all Devices.
[[0;32m  OK  [0m] Started Load/Save Random Seed.
[[0;32m  OK  [0m] Started Create Static Device Nodes in /dev.
[[0;32m  OK  [0m] Started LVM2 metadata daemon.
         Starting udev Kernel Device Manager...
         Mounting Kernel Configuration File System...
         Mounting FUSE Control File System...
         Starting Apply Kernel Variables...
[[0;32m  OK  [0m] Mounted Kernel Configuration File System.
[[0;32m  OK  [0m] Mounted FUSE Control File System.
[    5.893490] systemd-journald[394]: Received request to flush runtime journal from PID 1
[[0;32m  OK  [0m] Started Monitoring of LVM2 mirrors,…sing dmeventd or progress polling.
[[0;32m  OK  [0m] Reached target Local File Systems (Pre).
[[0;32m  OK  [0m] Reached target Local File Systems.
         Starting ebtables ruleset management...
         Starting AppArmor initialization...
         Starting Set console font and keymap...
         Starting Tell Plymouth To Write Out Runtime Data...
[[0;32m  OK  [0m] Started udev Kernel Device Manager.
[[0;32m  OK  [0m] Started Dispatch Password Requests to Console Directory Watch.
[[0;32m  OK  [0m] Reached target Local Encrypted Volumes.
[[0;32m  OK  [0m] Started Apply Kernel Variables.
[[0;32m  OK  [0m] Started Set console font and keymap.
[[0;32m  OK  [0m] Started Tell Plymouth To Write Out Runtime Data.
[[0;32m  OK  [0m] Started ebtables ruleset management.
[[0;32m  OK  [0m] Started Flush Journal to Persistent Storage.
         Starting Create Volatile Files and Directories...
         Starting Tell Plymouth To Write Out Runtime Data...
[[0;32m  OK  [0m] Started Create Volatile Files and Directories.
         Starting Network Time Synchronization...
         Starting Update UTMP about System Boot/Shutdown...
[[0;32m  OK  [0m] Started Tell Plymouth To Write Out Runtime Data.
[[0;32m  OK  [0m] Started Update UTMP about System Boot/Shutdown.
[[0;32m  OK  [0m] Started Network Time Synchronization.
[[0;32m  OK  [0m] Found device /dev/ttyS0.
[[0;32m  OK  [0m] Started AppArmor initialization.
[[0;32m  OK  [0m] Listening on Load/Save RF Kill Switch Status /dev/rfkill Watch.
         Starting Initial cloud-init job (pre-networking)...
[    7.516018] cloud-init[538]: Cloud-init v. 19.4-33-gbb4131a2-0ubuntu1~18.04.1 running 'init-local' at Wed, 16 Sep 2020 15:10:04 +0000. Up 7.33 seconds.
[[0;32m  OK  [0m] Started Initial cloud-init job (pre-networking).
[[0;32m  OK  [0m] Reached target Network (Pre).
         Starting Network Service...
[[0;32m  OK  [0m] Started Network Service.
         Starting Network Name Resolution...
         Starting Wait for Network to be Configured...
         Starting Tell Plymouth To Write Out Runtime Data...
[[0;32m  OK  [0m] Started Tell Plymouth To Write Out Runtime Data.
[[0;32m  OK  [0m] Started Network Name Resolution.
[[0;32m  OK  [0m] Reached target Host and Network Name Lookups.
[[0;32m  OK  [0m] Reached target Network.
         Starting Tell Plymouth To Write Out Runtime Data...
[[0;32m  OK  [0m] Started Wait for Network to be Configured.
[[0;32m  OK  [0m] Started Tell Plymouth To Write Out Runtime Data.
         Starting Initial cloud-init job (metadata service crawler)...
[    9.964804] cloud-init[681]: Cloud-init v. 19.4-33-gbb4131a2-0ubuntu1~18.04.1 running 'init' at Wed, 16 Sep 2020 15:10:06 +0000. Up 9.84 seconds.
[    9.966771] cloud-init[681]: ci-info: ++++++++++++++++++++++++++++++++++++++Net device info+++++++++++++++++++++++++++++++++++++++
[    9.968608] cloud-init[681]: ci-info: +--------+------+-----------------------------+---------------+--------+-------------------+
[    9.971071] cloud-init[681]: ci-info: | Device |  Up  |           Address           |      Mask     | Scope  |     Hw-Address    |
[    9.984502] cloud-init[681]: ci-info: +--------+------+-----------------------------+---------------+--------+-------------------+
[    9.986166] cloud-init[681]: ci-info: | enp0s3 | True |          10.0.2.15          | 255.255.255.0 | global | 02:39:67:45:9c:e6 |
[    9.988051] cloud-init[681]: ci-info: | enp0s3 | True |  fe80::39:67ff:fe45:9ce6/64 |       .       |  link  | 02:39:67:45:9c:e6 |
[    9.989701] cloud-init[681]: ci-info: | enp0s8 | True |         192.168.4.22        | 255.255.255.0 | global | 08:00:27:4b:7f:20 |
[    9.991279] cloud-init[681]: ci-info: | enp0s8 | True | fe80::a00:27ff:fe4b:7f20/64 |       .       |  link  | 08:00:27:4b:7f:20 |
[    9.993736] cloud-init[681]: ci-info: |   lo   | True |          127.0.0.1          |   255.0.0.0   |  host  |         .         |
[    9.995611] cloud-init[681]: ci-info: +--------+------+-----------------------------+---------------+--------+-------------------+
[   10.008294] cloud-init[681]: ci-info: ++++++++++++++++++++++++++++Route IPv4 info+++++++++++++++++++++++++++++
[   10.009446] cloud-init[681]: ci-info: +-------+-------------+----------+-----------------+-----------+-------+
[   10.010484] cloud-init[681]: ci-info: | Route | Destination | Gateway  |     Genmask     | Interface | Flags |
[   10.011631] cloud-init[681]: ci-info: +-------+-------------+----------+-----------------+-----------+-------+
[   10.013050] cloud-init[681]: ci-info: |   0   |   0.0.0.0   | 10.0.2.2 |     0.0.0.0     |   enp0s3  |   UG  |
[   10.014686] cloud-init[681]: ci-info: |   1   |   10.0.2.0  | 0.0.0.0  |  255.255.255.0  |   enp0s3  |   U   |
[   10.016089] cloud-init[681]: ci-info: |   2   |   10.0.2.2  | 0.0.0.0  | 255.255.255.255 |   enp0s3  |   UH  |
[   10.017462] cloud-init[681]: ci-info: |   3   | 192.168.4.0 | 0.0.0.0  |  255.255.255.0  |   enp0s8  |   U   |
[   10.018655] cloud-init[681]: ci-info: +-------+-------------+----------+-----------------+-----------+-------+
[   10.020171] cloud-init[681]: ci-info: +++++++++++++++++++Route IPv6 info+++++++++++++++++++
[   10.021676] cloud-init[681]: ci-info: +-------+-------------+---------+-----------+-------+
[   10.022868] cloud-init[681]: ci-info: | Route | Destination | Gateway | Interface | Flags |
[   10.024130] cloud-init[681]: ci-info: +-------+-------------+---------+-----------+-------+
[   10.025313] cloud-init[681]: ci-info: |   0   |  fe80::/64  |    ::   |   enp0s8  |   U   |
[   10.026283] cloud-init[681]: ci-info: |   1   |  fe80::/64  |    ::   |   enp0s3  |   U   |
[   10.036160] cloud-init[681]: ci-info: |   2   |    local    |    ::   |   enp0s3  |   U   |
[   10.037292] cloud-init[681]: ci-info: |   3   |    local    |    ::   |   enp0s8  |   U   |
[   10.038495] cloud-init[681]: ci-info: |   4   |   ff00::/8  |    ::   |   enp0s8  |   U   |
[   10.039655] cloud-init[681]: ci-info: |   5   |   ff00::/8  |    ::   |   enp0s3  |   U   |
[   10.040816] cloud-init[681]: ci-info: +-------+-------------+---------+-----------+-------+
[[0;32m  OK  [0m] Started Initial cloud-init job (metadata service crawler).
[[0;32m  OK  [0m] Reached target Cloud-config availability.
[[0;32m  OK  [0m] Reached target System Initialization.
[[0;32m  OK  [0m] Listening on UUID daemon activation socket.
[[0;32m  OK  [0m] Started Daily Cleanup of Temporary Directories.
[[0;32m  OK  [0m] Listening on D-Bus System Message Bus Socket.
[[0;32m  OK  [0m] Started Message of the Day.
[[0;32m  OK  [0m] Started ACPI Events Check.
[[0;32m  OK  [0m] Reached target Paths.
         Starting Socket activation for snappy daemon.
         Starting LXD - unix socket.
[[0;32m  OK  [0m] Listening on Open-iSCSI iscsid Socket.
[[0;32m  OK  [0m] Listening on ACPID Listen Socket.
[[0;32m  OK  [0m] Started Daily apt download activities.
[[0;32m  OK  [0m] Started Daily apt upgrade and clean activities.
[[0;32m  OK  [0m] Started Discard unused blocks once a week.
[[0;32m  OK  [0m] Reached target Timers.
[[0;32m  OK  [0m] Reached target Network is Online.
         Starting Availability of block devices...
[[0;32m  OK  [0m] Reached target Remote File Systems (Pre).
[[0;32m  OK  [0m] Reached target Remote File Systems.
[[0;32m  OK  [0m] Listening on Socket activation for snappy daemon.
[[0;32m  OK  [0m] Listening on LXD - unix socket.
[[0;32m  OK  [0m] Started Availability of block devices.
[[0;32m  OK  [0m] Reached target Sockets.
[[0;32m  OK  [0m] Reached target Basic System.
         Starting Discard unused blocks...
[[0;32m  OK  [0m] Started Filebeat sends log files to…ash or directly to Elasticsearch..
[[0;32m  OK  [0m] Started D-Bus System Message Bus.
         Starting LSB: Record successful boot for GRUB...
[[0;32m  OK  [0m] Started irqbalance daemon.
         Starting LXD - container startup/shutdown...
         Starting System Logging Service...
[[0;32m  OK  [0m] Started consul agent.
[[0;32m  OK  [0m] Started Deferred execution scheduler.
         Starting Permit User Sessions...
         Starting Login Service...
         Starting Dispatcher daemon for systemd-networkd...
[[0;32m  OK  [0m] Started ntp-systemd-netif.service.
         Starting Message of the Day...
[[0;32m  OK  [0m] Started Regular background program processing daemon.
[[0;32m  OK  [0m] Started FUSE filesystem for LXC.
         Starting Snappy daemon...
         Starting Accounts Service...
         Starting Resets System Activity Data Collector...
[[0;32m  OK  [0m] Started Datadog Agent.
[[0;32m  OK  [0m] Started Datadog Security Agent.
[[0;32m  OK  [0m] Started Datadog Trace Agent (APM).
[[0;32m  OK  [0m] Started Datadog Process Agent.
         Starting OpenBSD Secure Shell server...
[[0;32m  OK  [0m] Started System Logging Service.
[[0;32m  OK  [0m] Started Dispatcher daemon for systemd-networkd.
[[0;32m  OK  [0m] Started Discard unused blocks.
[[0;32m  OK  [0m] Started LXD - container startup/shutdown.
[[0;32m  OK  [0m] Started Permit User Sessions.
[[0;32m  OK  [0m] Started Resets System Activity Data Collector.
[[0;32m  OK  [0m] Started Login Service.
         Starting Authorization Manager...
[[0;32m  OK  [0m] Started Unattended Upgrades Shutdown.
         Starting Hold until boot process finishes up...
         Starting Terminate Plymouth Boot Screen...
[[0;32m  OK  [0m] Started OpenBSD Secure Shell server.
[[0;32m  OK  [0m] Started Hold until boot process finishes up.
         Starting Set console scheme...
[[0;32m  OK  [0m] Started Serial Getty on ttyS0.
[[0;32m  OK  [0m] Started Terminate Plymouth Boot Screen.
[[0;32m  OK  [0m] Started Set console scheme.
[[0;32m  OK  [0m] Created slice system-getty.slice.
[[0;32m  OK  [0m] Started Getty on tty1.
[[0;32m  OK  [0m] Reached target Login Prompts.
[[0;32m  OK  [0m] Started Authorization Manager.
[[0;32m  OK  [0m] Started Accounts Service.
[[0;32m  OK  [0m] Started LSB: Record successful boot for GRUB.
[[0;32m  OK  [0m] Created slice User Slice of vagrant.
         Starting User Manager for UID 1000...
[[0;32m  OK  [0m] Started Session 1 of user vagrant.
[[0;32m  OK  [0m] Started Message of the Day.
[[0;32m  OK  [0m] Started User Manager for UID 1000.
[[0;32m  OK  [0m] Started Snappy daemon.
         Starting Wait until snapd is fully seeded...
[[0;32m  OK  [0m] Started Wait until snapd is fully seeded.
         Starting Apply the settings specified in cloud-config...
[[0;32m  OK  [0m] Reached target Multi-User System.
[[0;32m  OK  [0m] Reached target Graphical Interface.
         Starting Update UTMP about System Runlevel Changes...
[[0;32m  OK  [0m] Started Update UTMP about System Runlevel Changes.
[   13.917375] cloud-init[1347]: Cloud-init v. 19.4-33-gbb4131a2-0ubuntu1~18.04.1 running 'modules:config' at Wed, 16 Sep 2020 15:10:10 +0000. Up 13.79 seconds.
[[0;32m  OK  [0m] Started Apply the settings specified in cloud-config.
         Starting Execute cloud user/final scripts...
[   14.489472] cloud-init[1437]: Cloud-init v. 19.4-33-gbb4131a2-0ubuntu1~18.04.1 running 'modules:final' at Wed, 16 Sep 2020 15:10:11 +0000. Up 14.35 seconds.
[   14.490951] cloud-init[1437]: Cloud-init v. 19.4-33-gbb4131a2-0ubuntu1~18.04.1 finished at Wed, 16 Sep 2020 15:10:11 +0000. Datasource DataSourceNoCloud [seed=/dev/sdb][dsmode=net].  Up 14.48 seconds
[[0;32m  OK  [0m] Started Execute cloud user/final scripts.
         Starting Daily apt download activities...
[[0;32m  OK  [0m] Reached target Cloud-init target.

Security Warning!

This private computer system including all related equipment and network devices
are provided for authorized use only.  All information, including personal
information placed on or sent over this system may be monitored. Use of this
system constitutes consent to monitoring.  Unauthorized use my result in civil
or criminal prosecution. Disconnect immediately if you do not agree with these
terms.

Security Warning!
consul login:          Starting Load AppArmor profiles managed internally by snapd...
         Starting Socket activation for snappy daemon.
[[0;32m  OK  [0m] Listening on Socket activation for snappy daemon.
         Starting Snap Daemon...
[[0;32m  OK  [0m] Started Load AppArmor profiles managed internally by snapd.
[[0;32m  OK  [0m] Started Snap Daemon.
         Starting Wait until snapd is fully seeded...
[[0;32m  OK  [0m] Started Wait until snapd is fully seeded.
[[0;32m  OK  [0m] Stopped target Sockets.
         Stopping Sockets.
[[0;32m  OK  [0m] Reached target Sockets.
[[0;32m  OK  [0m] Stopped Daily apt upgrade and clean activities.
         Stopping Daily apt upgrade and clean activities.
[[0;32m  OK  [0m] Started Daily apt upgrade and clean activities.
[[0;32m  OK  [0m] Stopped Daily apt download activities.
         Stopping Daily apt download activities.
[[0;32m  OK  [0m] Started Daily apt download activities.
         Stopping LSB: Record successful boot for GRUB...
[[0;32m  OK  [0m] Stopped LSB: Record successful boot for GRUB.
         Starting LSB: Record successful boot for GRUB...
[[0;32m  OK  [0m] Started LSB: Record successful boot for GRUB.
[[0;32m  OK  [0m] Started Daily apt upgrade and clean activities.
